<?xml version="1.0" encoding="UTF-8"?>
<!-- Generated by org.testng.reporters.JUnitXMLReporter -->
<testsuite hostname="DESKTOP-FDVQC09" name="Free CRM Application Test" tests="17" failures="0" timestamp="4 Sep 2019 14:29:26 GMT" time="518.164" errors="0">
  <testcase name="loginPageTitleTest" time="0.024" classname="com.crm.qa.testcase.LoginPageTest"/>
  <testcase name="crmLogoImageTest" time="0.078" classname="com.crm.qa.testcase.LoginPageTest"/>
  <testcase name="loginTest" time="8.616" classname="com.crm.qa.testcase.LoginPageTest"/>
  <testcase name="verifyHomepageTitleTest" time="0.009" classname="com.crm.qa.testcase.HomePageTest"/>
  <testcase name="verifyUserName" time="0.091" classname="com.crm.qa.testcase.HomePageTest"/>
  <testcase name="clickOnContactTest" time="1.773" classname="com.crm.qa.testcase.HomePageTest"/>
  <testcase name="clickOnDealsTest" time="1.735" classname="com.crm.qa.testcase.HomePageTest"/>
  <testcase name="clickOnTaskTest" time="1.721" classname="com.crm.qa.testcase.HomePageTest"/>
  <testcase name="verifyCalendarPageTest" time="0.054" classname="com.crm.qa.testcase.CalendarPageTest"/>
  <testcase name="verifyContactPageTest" time="0.064" classname="com.crm.qa.testcase.ContactPageTest"/>
  <testcase name="validateCreateNewContact" time="17.275" classname="com.crm.qa.testcase.ContactPageTest"/>
  <testcase name="validateCreateNewContact" time="21.782" classname="com.crm.qa.testcase.ContactPageTest"/>
  <testcase name="validateCreateNewContact" time="19.419" classname="com.crm.qa.testcase.ContactPageTest"/>
  <testcase name="selectContactCheckboxTest" time="0.212" classname="com.crm.qa.testcase.ContactPageTest"/>
  <testcase name="verifyDealsLabelTest" time="0.067" classname="com.crm.qa.testcase.DealsPageTest"/>
  <testcase name="verifyTaskLabelTest" time="0.064" classname="com.crm.qa.testcase.TasksPageTest"/>
  <testcase name="verifyCasePageTest" time="0.076" classname="com.crm.qa.testcase.CasePageTest"/>
</testsuite> <!-- Free CRM Application Test -->
