<?xml version="1.0" encoding="UTF-8"?>
<!-- Generated by org.testng.reporters.JUnitXMLReporter -->
<testsuite hostname="DESKTOP-FDVQC09" name="Default test" tests="3" failures="0" timestamp="17 Aug 2019 09:03:17 GMT" time="1272.269" errors="0">
  <testcase name="validateCreateNewContact" time="50.551" classname="com.crm.qa.testcase.ContactPageTest"/>
  <testcase name="validateCreateNewContact" time="32.574" classname="com.crm.qa.testcase.ContactPageTest"/>
  <testcase name="validateCreateNewContact" time="268.614" classname="com.crm.qa.testcase.ContactPageTest"/>
</testsuite> <!-- Default test -->
