<?xml version="1.0" encoding="UTF-8"?>
<!-- Generated by org.testng.reporters.JUnitXMLReporter -->
<testsuite hostname="DESKTOP-FDVQC09" name="Default test" tests="1" failures="0" timestamp="4 Jan 2020 15:56:19 GMT" time="16.6" errors="0">
  <testcase name="@BeforeMethod loginsetup" time="0.0" classname="com.crm.qa.testcase.HomePageTest">
    <failure type="java.lang.NullPointerException">
      <![CDATA[java.lang.NullPointerException
	at org.openqa.selenium.support.events.EventFiringWebDriver.extractInterfaces(EventFiringWebDriver.java:119)
	at org.openqa.selenium.support.events.EventFiringWebDriver.access$500(EventFiringWebDriver.java:65)
	at org.openqa.selenium.support.events.EventFiringWebDriver$EventFiringWebElement.<init>(EventFiringWebDriver.java:324)
	at org.openqa.selenium.support.events.EventFiringWebDriver$EventFiringWebElement.<init>(EventFiringWebDriver.java:316)
	at org.openqa.selenium.support.events.EventFiringWebDriver.createWebElement(EventFiringWebDriver.java:289)
	at org.openqa.selenium.support.events.EventFiringWebDriver.findElement(EventFiringWebDriver.java:189)
	at org.openqa.selenium.support.pagefactory.DefaultElementLocator.findElement(DefaultElementLocator.java:69)
	at org.openqa.selenium.support.pagefactory.internal.LocatingElementHandler.invoke(LocatingElementHandler.java:38)
	at com.sun.proxy.$Proxy11.sendKeys(Unknown Source)
	at com.crm.qa.page.LoginPage.login(LoginPage.java:39)
	at com.crm.qa.testcase.HomePageTest.loginsetup(HomePageTest.java:38)
	at sun.reflect.NativeMethodAccessorImpl.invoke0(Native Method)
	at sun.reflect.NativeMethodAccessorImpl.invoke(Unknown Source)
	at sun.reflect.DelegatingMethodAccessorImpl.invoke(Unknown Source)
	at java.lang.reflect.Method.invoke(Unknown Source)
	at org.testng.internal.MethodInvocationHelper.invokeMethod(MethodInvocationHelper.java:85)
	at org.testng.internal.Invoker.invokeConfigurationMethod(Invoker.java:552)
	at org.testng.internal.Invoker.invokeConfigurations(Invoker.java:215)
	at org.testng.internal.Invoker.invokeMethod(Invoker.java:636)
	at org.testng.internal.Invoker.invokeTestMethod(Invoker.java:882)
	at org.testng.internal.Invoker.invokeTestMethods(Invoker.java:1189)
	at org.testng.internal.TestMethodWorker.invokeTestMethods(TestMethodWorker.java:124)
	at org.testng.internal.TestMethodWorker.run(TestMethodWorker.java:108)
	at org.testng.TestRunner.privateRun(TestRunner.java:767)
	at org.testng.TestRunner.run(TestRunner.java:617)
	at org.testng.SuiteRunner.runTest(SuiteRunner.java:348)
	at org.testng.SuiteRunner.runSequentially(SuiteRunner.java:343)
	at org.testng.SuiteRunner.privateRun(SuiteRunner.java:305)
	at org.testng.SuiteRunner.run(SuiteRunner.java:254)
	at org.testng.SuiteRunnerWorker.runSuite(SuiteRunnerWorker.java:52)
	at org.testng.SuiteRunnerWorker.run(SuiteRunnerWorker.java:86)
	at org.testng.TestNG.runSuitesSequentially(TestNG.java:1224)
	at org.testng.TestNG.runSuitesLocally(TestNG.java:1149)
	at org.testng.TestNG.run(TestNG.java:1057)
	at org.testng.remote.AbstractRemoteTestNG.run(AbstractRemoteTestNG.java:126)
	at org.testng.remote.RemoteTestNG.initAndRun(RemoteTestNG.java:137)
	at org.testng.remote.RemoteTestNG.main(RemoteTestNG.java:58)
]]>
    </failure>
  </testcase> <!-- @BeforeMethod loginsetup -->
  <testcase name="@AfterMethod tearDown" time="0.0" classname="com.crm.qa.testcase.HomePageTest">
    <skipped/>
  </testcase> <!-- @AfterMethod tearDown -->
  <testcase name="verifyHomepageTitleTest" time="0.016" classname="com.crm.qa.testcase.HomePageTest">
    <skipped/>
  </testcase> <!-- verifyHomepageTitleTest -->
</testsuite> <!-- Default test -->
