<?xml version="1.0" encoding="UTF-8"?>
<testng-results skipped="0" failed="0" total="1" passed="1">
  <reporter-output>
  </reporter-output>
  <suite name="Default suite" duration-ms="47436" started-at="2019-09-08T15:32:31Z" finished-at="2019-09-08T15:33:18Z">
    <groups>
    </groups>
    <test name="Default test" duration-ms="47436" started-at="2019-09-08T15:32:31Z" finished-at="2019-09-08T15:33:18Z">
      <class name="com.crm.qa.testcase.DealsPageTest">
        <test-method status="PASS" signature="setUp()[pri:0, instance:com.crm.qa.testcase.DealsPageTest@dafa95]" name="setUp" is-config="true" duration-ms="42459" started-at="2019-09-08T21:02:31Z" finished-at="2019-09-08T21:03:14Z">
          <reporter-output>
          </reporter-output>
        </test-method> <!-- setUp -->
        <test-method status="PASS" signature="validateCreateNewDeals()[pri:0, instance:com.crm.qa.testcase.DealsPageTest@dafa95]" name="validateCreateNewDeals" duration-ms="3252" started-at="2019-09-08T21:03:14Z" finished-at="2019-09-08T21:03:17Z">
          <reporter-output>
          </reporter-output>
        </test-method> <!-- validateCreateNewDeals -->
        <test-method status="PASS" signature="tearDown()[pri:0, instance:com.crm.qa.testcase.DealsPageTest@dafa95]" name="tearDown" is-config="true" duration-ms="1694" started-at="2019-09-08T21:03:17Z" finished-at="2019-09-08T21:03:18Z">
          <reporter-output>
          </reporter-output>
        </test-method> <!-- tearDown -->
      </class> <!-- com.crm.qa.testcase.DealsPageTest -->
    </test> <!-- Default test -->
  </suite> <!-- Default suite -->
</testng-results>
